<?xml version="1.0" encoding="UTF-8"?>
<testng-results ignored="0" total="3" passed="3" failed="0" skipped="0">
  <reporter-output>
  </reporter-output>
  <suite started-at="2021-09-23T14:23:50 PDT" name="TestSuite" finished-at="2021-09-23T14:24:02 PDT" duration-ms="11983">
    <groups>
    </groups>
    <test started-at="2021-09-23T14:23:50 PDT" name="testGuru" finished-at="2021-09-23T14:24:02 PDT" duration-ms="11983">
      <class name="ParallelTests.ParallelNG">
        <test-method signature="session2()[pri:0, instance:ParallelTests.ParallelNG@1b6e1eff]" started-at="2021-09-23T14:23:50 PDT" name="session2" finished-at="2021-09-23T14:24:02 PDT" duration-ms="11959" status="PASS">
          <reporter-output>
          </reporter-output>
        </test-method> <!-- session2 -->
        <test-method signature="session0()[pri:0, instance:ParallelTests.ParallelNG@1b6e1eff]" started-at="2021-09-23T14:23:50 PDT" name="session0" finished-at="2021-09-23T14:24:00 PDT" duration-ms="10088" status="PASS">
          <reporter-output>
          </reporter-output>
        </test-method> <!-- session0 -->
        <test-method signature="session1()[pri:0, instance:ParallelTests.ParallelNG@1b6e1eff]" started-at="2021-09-23T14:23:50 PDT" name="session1" finished-at="2021-09-23T14:24:00 PDT" duration-ms="9662" status="PASS">
          <reporter-output>
          </reporter-output>
        </test-method> <!-- session1 -->
      </class> <!-- ParallelTests.ParallelNG -->
    </test> <!-- testGuru -->
  </suite> <!-- TestSuite -->
</testng-results>
