<?xml version="1.0" encoding="UTF-8"?>
<!-- Generated by org.testng.reporters.JUnitXMLReporter -->
<testsuite ignored="0" hostname="MBP-23.local" failures="0" tests="3" name="factory_test" time="14.264" errors="0" timestamp="2021-09-27T08:16:40 PDT">
  <testcase classname="tests.FactoryTests" name="Test_0" time="12.798"/>
  <testcase classname="tests.FactoryTests" name="Test_1" time="13.78"/>
  <testcase classname="tests.FactoryTests" name="Test_2" time="14.243"/>
</testsuite> <!-- factory_test -->
