<?xml version="1.0" encoding="UTF-8"?>
<!-- Generated by org.testng.reporters.JUnitXMLReporter -->
<testsuite ignored="0" hostname="MBP-23.local" failures="0" tests="3" name="Default test" time="16.481" errors="0" timestamp="2021-09-23T13:18:34 PDT">
  <testcase classname="ParallelTests.ParallelNG" name="session0" time="9.781"/>
  <testcase classname="ParallelTests.ParallelNG" name="session1" time="2.542"/>
  <testcase classname="ParallelTests.ParallelNG" name="session2" time="4.127"/>
</testsuite> <!-- Default test -->
