<?xml version="1.0" encoding="UTF-8"?>
<!-- Generated by org.testng.reporters.JUnitXMLReporter -->
<testsuite ignored="0" hostname="MBP-23.local" failures="0" tests="3" name="testGuru" time="11.983" errors="0" timestamp="2021-09-23T14:24:02 PDT">
  <testcase classname="ParallelTests.ParallelNG" name="session1" time="9.662"/>
  <testcase classname="ParallelTests.ParallelNG" name="session0" time="10.088"/>
  <testcase classname="ParallelTests.ParallelNG" name="session2" time="11.959"/>
</testsuite> <!-- testGuru -->
